[2m12:14:18[22m [31m[1m[vite][22m[39m [31m[2m(client)[22m[39m Pre-transform error: Failed to load url /src/services/api.ts (resolved id: C:/Users/22060/Desktop/lumist/报告生成/frontend/src/services/api.ts) in C:/Users/22060/Desktop/lumist/报告生成/frontend/src/App.tsx. Does the file exist?
[2m12:14:18[22m [31m[1m[vite][22m[39m [31m[2m(client)[22m[39m [2m[console.error] [22m[vite] Failed to reload /src/App.tsx. This could be due to syntax errors or importing non-existent modules. (see errors above)
[2m12:15:31[22m [31m[1m[vite][22m[39m [31m[2m(client)[22m[39m [2m[console.error] [22m[vite] Failed to reload /src/App.tsx. This could be due to syntax errors or importing non-existent modules. (see errors above)
[2m12:16:37[22m [31m[1m[vite][22m[39m [31mInternal server error: Transform failed with 1 error:

[31m[PARSE_ERROR] Error:[0m Unexpected token
    [38;5;246m╭[0m[38;5;246m─[0m[38;5;246m[[0m src/sections/WorkbenchView.tsx:54:1 [38;5;246m][0m
    [38;5;246m│[0m
 [38;5;246m54 │[0m ][38;5;249m;[0m
 [38;5;240m   │[0m ┬  
 [38;5;240m   │[0m ╰── 
[38;5;246m────╯[0m
[39m
  Plugin: [35mvite:oxc[39m
  File: [36mC:/Users/22060/Desktop/lumist/报告生成/frontend/src/sections/WorkbenchView.tsx[39m
      at transformWithOxc (file:///C:/Users/22060/Desktop/lumist/%E6%8A%A5%E5%91%8A%E7%94%9F%E6%88%90/frontend/node_modules/vite/dist/node/chunks/node.js:3720:19)
      at TransformPluginContext.transform (file:///C:/Users/22060/Desktop/lumist/%E6%8A%A5%E5%91%8A%E7%94%9F%E6%88%90/frontend/node_modules/vite/dist/node/chunks/node.js:3788:26)
      at EnvironmentPluginContainer.transform (file:///C:/Users/22060/Desktop/lumist/%E6%8A%A5%E5%91%8A%E7%94%9F%E6%88%90/frontend/node_modules/vite/dist/node/chunks/node.js:30048:51)
      at async loadAndTransform (file:///C:/Users/22060/Desktop/lumist/%E6%8A%A5%E5%91%8A%E7%94%9F%E6%88%90/frontend/node_modules/vite/dist/node/chunks/node.js:24177:26)
      at async viteTransformMiddleware (file:///C:/Users/22060/Desktop/lumist/%E6%8A%A5%E5%91%8A%E7%94%9F%E6%88%90/frontend/node_modules/vite/dist/node/chunks/node.js:24986:20)
[2m12:16:37[22m [31m[1m[vite][22m[39m [31m[2m(client)[22m[39m [2m[console.error] [22m[vite] Failed to reload /src/sections/WorkbenchView.tsx. This could be due to syntax errors or importing non-existent modules. (see errors above)
[2m12:16:55[22m [31m[1m[vite][22m[39m [31m[2m(client)[22m[39m [2m[console.error] [22m[vite] Failed to reload /src/sections/WorkbenchView.tsx. This could be due to syntax errors or importing non-existent modules. (see errors above)
[2m12:18:01[22m [31m[1m[vite][22m[39m [31m[2m(client)[22m[39m [2m[console.error] [22m[vite] Failed to reload /src/sections/DataManagementView.tsx. This could be due to syntax errors or importing non-existent modules. (see errors above)
[2m12:19:08[22m [31m[1m[vite][22m[39m [31mInternal server error: Transform failed with 1 error:

[31m[PARSE_ERROR] Error:[0m Unexpected token
     [38;5;246m╭[0m[38;5;246m─[0m[38;5;246m[[0m src/sections/DataManagementView.tsx:437:21 [38;5;246m][0m
     [38;5;246m│[0m
 [38;5;246m437 │[0m [38;5;249m [0m[38;5;249m [0m[38;5;249m [0m[38;5;249m [0m[38;5;249m [0m[38;5;249m [0m[38;5;249m [0m[38;5;249m [0m[38;5;249m [0m[38;5;249m [0m[38;5;249m [0m[38;5;249m [0m[38;5;249m [0m[38;5;249m [0m[38;5;249m [0m[38;5;249m [0m[38;5;249m [0m[38;5;249m [0m[38;5;249m [0m[38;5;249m [0m,[38;5;249m [0m[38;5;249m{[0m[38;5;249m [0m[38;5;249ms[0m[38;5;249mp[0m[38;5;249ma[0m[38;5;249mn[0m[38;5;249m:[0m[38;5;249m [0m[38;5;249m'[0m[38;5;249mf[0m[38;5;249mu[0m[38;5;249ml[0m[38;5;249ml[0m[38;5;249m'[0m[38;5;249m,[0m[38;5;249m [0m[38;5;249mm[0m[38;5;249mu[0m[38;5;249ml[0m[38;5;249mt[0m[38;5;249mi[0m[38;5;249ml[0m[38;5;249mi[0m[38;5;249mn[0m[38;5;249me[0m[38;5;249m:[0m[38;5;249m [0m[38;5;249mt[0m[38;5;249mr[0m[38;5;249mu[0m[38;5;249me[0m[38;5;249m [0m[38;5;249m}[0m[38;5;249m)[0m[38;5;249m}[0m
 [38;5;240m    │[0m                     ┬  
 [38;5;240m    │[0m                     ╰── 
[38;5;246m─────╯[0m
[39m
  Plugin: [35mvite:oxc[39m
  File: [36mC:/Users/22060/Desktop/lumist/报告生成/frontend/src/sections/DataManagementView.tsx[39m
      at transformWithOxc (file:///C:/Users/22060/Desktop/lumist/%E6%8A%A5%E5%91%8A%E7%94%9F%E6%88%90/frontend/node_modules/vite/dist/node/chunks/node.js:3720:19)
      at TransformPluginContext.transform (file:///C:/Users/22060/Desktop/lumist/%E6%8A%A5%E5%91%8A%E7%94%9F%E6%88%90/frontend/node_modules/vite/dist/node/chunks/node.js:3788:26)
      at EnvironmentPluginContainer.transform (file:///C:/Users/22060/Desktop/lumist/%E6%8A%A5%E5%91%8A%E7%94%9F%E6%88%90/frontend/node_modules/vite/dist/node/chunks/node.js:30048:51)
      at async loadAndTransform (file:///C:/Users/22060/Desktop/lumist/%E6%8A%A5%E5%91%8A%E7%94%9F%E6%88%90/frontend/node_modules/vite/dist/node/chunks/node.js:24177:26)
      at async viteTransformMiddleware (file:///C:/Users/22060/Desktop/lumist/%E6%8A%A5%E5%91%8A%E7%94%9F%E6%88%90/frontend/node_modules/vite/dist/node/chunks/node.js:24986:20)
[2m12:19:08[22m [31m[1m[vite][22m[39m [31m[2m(client)[22m[39m [2m[console.error] [22m[vite] Failed to reload /src/sections/DataManagementView.tsx. This could be due to syntax errors or importing non-existent modules. (see errors above)
[2m12:19:22[22m [31m[1m[vite][22m[39m [31m[2m(client)[22m[39m [2m[console.error] [22m[vite] Failed to reload /src/sections/ReportTemplateManagerView.tsx. This could be due to syntax errors or importing non-existent modules. (see errors above)
[2m12:20:34[22m [31m[1m[vite][22m[39m [31m[2m(client)[22m[39m Pre-transform error: Transform failed with 1 error:

[31m[PARSE_ERROR] Error:[0m Unexpected token
     [38;5;246m╭[0m[38;5;246m─[0m[38;5;246m[[0m src/sections/DataManagementView.tsx:437:21 [38;5;246m][0m
     [38;5;246m│[0m
 [38;5;246m437 │[0m [38;5;249m [0m[38;5;249m [0m[38;5;249m [0m[38;5;249m [0m[38;5;249m [0m[38;5;249m [0m[38;5;249m [0m[38;5;249m [0m[38;5;249m [0m[38;5;249m [0m[38;5;249m [0m[38;5;249m [0m[38;5;249m [0m[38;5;249m [0m[38;5;249m [0m[38;5;249m [0m[38;5;249m [0m[38;5;249m [0m[38;5;249m [0m[38;5;249m [0m,[38;5;249m [0m[38;5;249m{[0m[38;5;249m [0m[38;5;249ms[0m[38;5;249mp[0m[38;5;249ma[0m[38;5;249mn[0m[38;5;249m:[0m[38;5;249m [0m[38;5;249m'[0m[38;5;249mf[0m[38;5;249mu[0m[38;5;249ml[0m[38;5;249ml[0m[38;5;249m'[0m[38;5;249m,[0m[38;5;249m [0m[38;5;249mm[0m[38;5;249mu[0m[38;5;249ml[0m[38;5;249mt[0m[38;5;249mi[0m[38;5;249ml[0m[38;5;249mi[0m[38;5;249mn[0m[38;5;249me[0m[38;5;249m:[0m[38;5;249m [0m[38;5;249mt[0m[38;5;249mr[0m[38;5;249mu[0m[38;5;249me[0m[38;5;249m [0m[38;5;249m}[0m[38;5;249m)[0m[38;5;249m}[0m
 [38;5;240m    │[0m                     ┬  
 [38;5;240m    │[0m                     ╰── 
[38;5;246m─────╯[0m

  Plugin: [35mvite:oxc[39m
  File: [36mC:/Users/22060/Desktop/lumist/报告生成/frontend/src/sections/DataManagementView.tsx[39m
[2m12:20:35[22m [31m[1m[vite][22m[39m [31mInternal server error: Transform failed with 1 error:

[31m[PARSE_ERROR] Error:[0m Unexpected token
     [38;5;246m╭[0m[38;5;246m─[0m[38;5;246m[[0m src/sections/DataManagementView.tsx:437:21 [38;5;246m][0m
     [38;5;246m│[0m
 [38;5;246m437 │[0m [38;5;249m [0m[38;5;249m [0m[38;5;249m [0m[38;5;249m [0m[38;5;249m [0m[38;5;249m [0m[38;5;249m [0m[38;5;249m [0m[38;5;249m [0m[38;5;249m [0m[38;5;249m [0m[38;5;249m [0m[38;5;249m [0m[38;5;249m [0m[38;5;249m [0m[38;5;249m [0m[38;5;249m [0m[38;5;249m [0m[38;5;249m [0m[38;5;249m [0m,[38;5;249m [0m[38;5;249m{[0m[38;5;249m [0m[38;5;249ms[0m[38;5;249mp[0m[38;5;249ma[0m[38;5;249mn[0m[38;5;249m:[0m[38;5;249m [0m[38;5;249m'[0m[38;5;249mf[0m[38;5;249mu[0m[38;5;249ml[0m[38;5;249ml[0m[38;5;249m'[0m[38;5;249m,[0m[38;5;249m [0m[38;5;249mm[0m[38;5;249mu[0m[38;5;249ml[0m[38;5;249mt[0m[38;5;249mi[0m[38;5;249ml[0m[38;5;249mi[0m[38;5;249mn[0m[38;5;249me[0m[38;5;249m:[0m[38;5;249m [0m[38;5;249mt[0m[38;5;249mr[0m[38;5;249mu[0m[38;5;249me[0m[38;5;249m [0m[38;5;249m}[0m[38;5;249m)[0m[38;5;249m}[0m
 [38;5;240m    │[0m                     ┬  
 [38;5;240m    │[0m                     ╰── 
[38;5;246m─────╯[0m
[39m
  Plugin: [35mvite:oxc[39m
  File: [36mC:/Users/22060/Desktop/lumist/报告生成/frontend/src/sections/DataManagementView.tsx[39m
      at transformWithOxc (file:///C:/Users/22060/Desktop/lumist/%E6%8A%A5%E5%91%8A%E7%94%9F%E6%88%90/frontend/node_modules/vite/dist/node/chunks/node.js:3720:19)
      at TransformPluginContext.transform (file:///C:/Users/22060/Desktop/lumist/%E6%8A%A5%E5%91%8A%E7%94%9F%E6%88%90/frontend/node_modules/vite/dist/node/chunks/node.js:3788:26)
      at EnvironmentPluginContainer.transform (file:///C:/Users/22060/Desktop/lumist/%E6%8A%A5%E5%91%8A%E7%94%9F%E6%88%90/frontend/node_modules/vite/dist/node/chunks/node.js:30048:51)
      at async loadAndTransform (file:///C:/Users/22060/Desktop/lumist/%E6%8A%A5%E5%91%8A%E7%94%9F%E6%88%90/frontend/node_modules/vite/dist/node/chunks/node.js:24177:26)
      at async viteTransformMiddleware (file:///C:/Users/22060/Desktop/lumist/%E6%8A%A5%E5%91%8A%E7%94%9F%E6%88%90/frontend/node_modules/vite/dist/node/chunks/node.js:24986:20)
[2m12:21:13[22m [31m[1m[vite][22m[39m [31m[2m(client)[22m[39m Pre-transform error: Transform failed with 1 error:

[31m[PARSE_ERROR] Error:[0m Unterminated string
     [38;5;246m╭[0m[38;5;246m─[0m[38;5;246m[[0m src/sections/DataManagementView.tsx:145:15 [38;5;246m][0m
     [38;5;246m│[0m
 [38;5;246m145 │[0m [38;5;249m [0m[38;5;249m [0m[38;5;249m [0m[38;5;249m [0m[38;5;249m [0m[38;5;249m [0m[38;5;249m [0m[38;5;249m [0m[38;5;249mn[0m[38;5;249ma[0m[38;5;249mm[0m[38;5;249me[0m[38;5;249m:[0m[38;5;249m [0m'鏂板鐢?,
 [38;5;240m    │[0m               ──────┬────  
 [38;5;240m    │[0m                     ╰────── 
[38;5;246m─────╯[0m

  Plugin: [35mvite:oxc[39m
  File: [36mC:/Users/22060/Desktop/lumist/报告生成/frontend/src/sections/DataManagementView.tsx[39m
[2m12:21:13[22m [31m[1m[vite][22m[39m [31mInternal server error: Transform failed with 1 error:

[31m[PARSE_ERROR] Error:[0m Unterminated string
     [38;5;246m╭[0m[38;5;246m─[0m[38;5;246m[[0m src/sections/DataManagementView.tsx:145:15 [38;5;246m][0m
     [38;5;246m│[0m
 [38;5;246m145 │[0m [38;5;249m [0m[38;5;249m [0m[38;5;249m [0m[38;5;249m [0m[38;5;249m [0m[38;5;249m [0m[38;5;249m [0m[38;5;249m [0m[38;5;249mn[0m[38;5;249ma[0m[38;5;249mm[0m[38;5;249me[0m[38;5;249m:[0m[38;5;249m [0m'鏂板鐢?,
 [38;5;240m    │[0m               ──────┬────  
 [38;5;240m    │[0m                     ╰────── 
[38;5;246m─────╯[0m
[39m
  Plugin: [35mvite:oxc[39m
  File: [36mC:/Users/22060/Desktop/lumist/报告生成/frontend/src/sections/DataManagementView.tsx[39m
      at transformWithOxc (file:///C:/Users/22060/Desktop/lumist/%E6%8A%A5%E5%91%8A%E7%94%9F%E6%88%90/frontend/node_modules/vite/dist/node/chunks/node.js:3720:19)
      at TransformPluginContext.transform (file:///C:/Users/22060/Desktop/lumist/%E6%8A%A5%E5%91%8A%E7%94%9F%E6%88%90/frontend/node_modules/vite/dist/node/chunks/node.js:3788:26)
      at EnvironmentPluginContainer.transform (file:///C:/Users/22060/Desktop/lumist/%E6%8A%A5%E5%91%8A%E7%94%9F%E6%88%90/frontend/node_modules/vite/dist/node/chunks/node.js:30048:51)
      at async loadAndTransform (file:///C:/Users/22060/Desktop/lumist/%E6%8A%A5%E5%91%8A%E7%94%9F%E6%88%90/frontend/node_modules/vite/dist/node/chunks/node.js:24177:26)
      at async viteTransformMiddleware (file:///C:/Users/22060/Desktop/lumist/%E6%8A%A5%E5%91%8A%E7%94%9F%E6%88%90/frontend/node_modules/vite/dist/node/chunks/node.js:24986:20)
[2m12:22:20[22m [31m[1m[vite][22m[39m [31m[2m(client)[22m[39m Pre-transform error: Failed to load url /src/sections/DataManagementView.tsx (resolved id: C:/Users/22060/Desktop/lumist/报告生成/frontend/src/sections/DataManagementView.tsx) in C:/Users/22060/Desktop/lumist/报告生成/frontend/src/App.tsx. Does the file exist?
[2m12:23:37[22m [31m[1m[vite][22m[39m [31m[2m(client)[22m[39m Pre-transform error: Transform failed with 1 error:

[31m[PARSE_ERROR] Error:[0m Unexpected token
     [38;5;246m╭[0m[38;5;246m─[0m[38;5;246m[[0m src/sections/DataManagementView.tsx:430:21 [38;5;246m][0m
     [38;5;246m│[0m
 [38;5;246m430 │[0m [38;5;249m [0m[38;5;249m [0m[38;5;249m [0m[38;5;249m [0m[38;5;249m [0m[38;5;249m [0m[38;5;249m [0m[38;5;249m [0m[38;5;249m [0m[38;5;249m [0m[38;5;249m [0m[38;5;249m [0m[38;5;249m [0m[38;5;249m [0m[38;5;249m [0m[38;5;249m [0m[38;5;249m [0m[38;5;249m [0m[38;5;249m [0m[38;5;249m [0m,[38;5;249m [0m[38;5;249m{[0m[38;5;249m [0m[38;5;249ms[0m[38;5;249mp[0m[38;5;249ma[0m[38;5;249mn[0m[38;5;249m:[0m[38;5;249m [0m[38;5;249m'[0m[38;5;249mf[0m[38;5;249mu[0m[38;5;249ml[0m[38;5;249ml[0m[38;5;249m'[0m[38;5;249m,[0m[38;5;249m [0m[38;5;249mm[0m[38;5;249mu[0m[38;5;249ml[0m[38;5;249mt[0m[38;5;249mi[0m[38;5;249ml[0m[38;5;249mi[0m[38;5;249mn[0m[38;5;249me[0m[38;5;249m:[0m[38;5;249m [0m[38;5;249mt[0m[38;5;249mr[0m[38;5;249mu[0m[38;5;249me[0m[38;5;249m [0m[38;5;249m}[0m[38;5;249m)[0m[38;5;249m}[0m
 [38;5;240m    │[0m                     ┬  
 [38;5;240m    │[0m                     ╰── 
[38;5;246m─────╯[0m

  Plugin: [35mvite:oxc[39m
  File: [36mC:/Users/22060/Desktop/lumist/报告生成/frontend/src/sections/DataManagementView.tsx[39m
[2m12:23:37[22m [31m[1m[vite][22m[39m [31mInternal server error: Transform failed with 1 error:

[31m[PARSE_ERROR] Error:[0m Unexpected token
     [38;5;246m╭[0m[38;5;246m─[0m[38;5;246m[[0m src/sections/DataManagementView.tsx:430:21 [38;5;246m][0m
     [38;5;246m│[0m
 [38;5;246m430 │[0m [38;5;249m [0m[38;5;249m [0m[38;5;249m [0m[38;5;249m [0m[38;5;249m [0m[38;5;249m [0m[38;5;249m [0m[38;5;249m [0m[38;5;249m [0m[38;5;249m [0m[38;5;249m [0m[38;5;249m [0m[38;5;249m [0m[38;5;249m [0m[38;5;249m [0m[38;5;249m [0m[38;5;249m [0m[38;5;249m [0m[38;5;249m [0m[38;5;249m [0m,[38;5;249m [0m[38;5;249m{[0m[38;5;249m [0m[38;5;249ms[0m[38;5;249mp[0m[38;5;249ma[0m[38;5;249mn[0m[38;5;249m:[0m[38;5;249m [0m[38;5;249m'[0m[38;5;249mf[0m[38;5;249mu[0m[38;5;249ml[0m[38;5;249ml[0m[38;5;249m'[0m[38;5;249m,[0m[38;5;249m [0m[38;5;249mm[0m[38;5;249mu[0m[38;5;249ml[0m[38;5;249mt[0m[38;5;249mi[0m[38;5;249ml[0m[38;5;249mi[0m[38;5;249mn[0m[38;5;249me[0m[38;5;249m:[0m[38;5;249m [0m[38;5;249mt[0m[38;5;249mr[0m[38;5;249mu[0m[38;5;249me[0m[38;5;249m [0m[38;5;249m}[0m[38;5;249m)[0m[38;5;249m}[0m
 [38;5;240m    │[0m                     ┬  
 [38;5;240m    │[0m                     ╰── 
[38;5;246m─────╯[0m
[39m
  Plugin: [35mvite:oxc[39m
  File: [36mC:/Users/22060/Desktop/lumist/报告生成/frontend/src/sections/DataManagementView.tsx[39m
      at transformWithOxc (file:///C:/Users/22060/Desktop/lumist/%E6%8A%A5%E5%91%8A%E7%94%9F%E6%88%90/frontend/node_modules/vite/dist/node/chunks/node.js:3720:19)
      at TransformPluginContext.transform (file:///C:/Users/22060/Desktop/lumist/%E6%8A%A5%E5%91%8A%E7%94%9F%E6%88%90/frontend/node_modules/vite/dist/node/chunks/node.js:3788:26)
      at EnvironmentPluginContainer.transform (file:///C:/Users/22060/Desktop/lumist/%E6%8A%A5%E5%91%8A%E7%94%9F%E6%88%90/frontend/node_modules/vite/dist/node/chunks/node.js:30048:51)
      at async loadAndTransform (file:///C:/Users/22060/Desktop/lumist/%E6%8A%A5%E5%91%8A%E7%94%9F%E6%88%90/frontend/node_modules/vite/dist/node/chunks/node.js:24177:26)
      at async viteTransformMiddleware (file:///C:/Users/22060/Desktop/lumist/%E6%8A%A5%E5%91%8A%E7%94%9F%E6%88%90/frontend/node_modules/vite/dist/node/chunks/node.js:24986:20)
